[+] Containers:
 |- [+] Container: /Game/TopDown/Maps/TopDownMap
 |   |- [+] ActorDescs:
 |   |   |- Guid:0B15F021489E660010491AA38DBCEC68 BaseClass: NativeClass:/Script/Engine.StaticMeshActor Name:StaticMeshActor_20 Label:SM_Cube4 SpatiallyLoaded:1 Bounds:IsValid=true, Min=(X=2000.000 Y=600.000 Z=0.000), Max=(X=2400.000 Y=1000.000 Z=200.000) RuntimeGrid:None EditorOnly:0 RuntimeOnly:0 HLODRelevant:1 ListedInSceneOutliner:1 IsMainWorldOnly:0 FolderPath:Block01 FolderGuid:4C556963462B5D49496AD286A4690C47
 |   |   |- Guid:0F4324B34E091887A24AD9995AE727D1 BaseClass: NativeClass:/Script/Engine.StaticMeshActor Name:StaticMeshActor_23 Label:SM_Cube6 SpatiallyLoaded:1 Bounds:IsValid=true, Min=(X=2900.000 Y=100.000 Z=0.000), Max=(X=3000.000 Y=3400.000 Z=400.000) RuntimeGrid:None EditorOnly:0 RuntimeOnly:0 HLODRelevant:1 ListedInSceneOutliner:1 IsMainWorldOnly:0 FolderPath:Playground FolderGuid:9FE5E8B349AF71F05F2688921F3F2AC5
 |   |   |- Guid:106563D5414FAD0844FBDCBEAC7AF29D BaseClass: NativeClass:/Script/Engine.StaticMeshActor Name:StaticMeshActor_42 Label:SM_ChamferCube SpatiallyLoaded:1 Bounds:IsValid=true, Min=(X=761.762 Y=2853.712 Z=0.063), Max=(X=902.646 Y=2994.595 Z=100.063) RuntimeGrid:None EditorOnly:0 RuntimeOnly:0 HLODRelevant:0 ListedInSceneOutliner:1 IsMainWorldOnly:0
 |   |   |- Guid:10CA039A41B87B91B0C31BAD2DEC9568 BaseClass: NativeClass:/Script/Engine.StaticMeshActor Name:StaticMeshActor_28 Label:SM_QuarterCylinder3 SpatiallyLoaded:1 Bounds:IsValid=true, Min=(X=2400.000 Y=400.000 Z=0.000), Max=(X=2500.000 Y=500.000 Z=200.000) RuntimeGrid:None EditorOnly:0 RuntimeOnly:0 HLODRelevant:1 ListedInSceneOutliner:1 IsMainWorldOnly:0 FolderPath:Block01 FolderGuid:4C556963462B5D49496AD286A4690C47
 |   |   |- Guid:1237DE30426B5C1DDABAC0B9EB856796 BaseClass:/Game/Cityscape/BP_NewYork.BP_NewYork_C NativeClass:/Script/Engine.Actor Name:BP_NewYork_C_UAID_906584AC18C689F001_1823663717 Label:BP_NewYork3 SpatiallyLoaded:1 Bounds:IsValid=true, Min=(X=-1940.568 Y=-576.509 Z=-158.436), Max=(X=-379.671 Y=1086.138 Z=8.579) RuntimeGrid:None EditorOnly:0 RuntimeOnly:0 HLODRelevant:0 ListedInSceneOutliner:1 IsMainWorldOnly:0
 |   |   |- Guid:12F0850A4BE5405E5927F3B835FDA7E6 BaseClass: NativeClass:/Script/Engine.StaticMeshActor Name:StaticMeshActor_UAID_00155DAF9F8E99BA01_1338651508 Label:Plane SpatiallyLoaded:1 Bounds:IsValid=true, Min=(X=-7499.997 Y=5170.000 Z=5901.503), Max=(X=7500.003 Y=15170.000 Z=5901.503) RuntimeGrid:None EditorOnly:0 RuntimeOnly:0 HLODRelevant:1 ListedInSceneOutliner:1 IsMainWorldOnly:0
 |   |   |- Guid:147C8D134B12D635012D5F8C57D2C96F BaseClass: NativeClass:/Script/Engine.PostProcessVolume Name:PostProcessVolume_1 Label:PostProcessVolume SpatiallyLoaded:0 Bounds:IsValid=true, Min=(X=0.000 Y=0.000 Z=400.000), Max=(X=200.000 Y=200.000 Z=600.000) RuntimeGrid:None EditorOnly:0 RuntimeOnly:0 HLODRelevant:0 ListedInSceneOutliner:1 IsMainWorldOnly:0 FolderPath:Lighting FolderGuid:4C9334684BA61B42C769F799D2576455
 |   |   |- Guid:1742DF43475F097453197AA79C7473D9 BaseClass: NativeClass:/Script/Engine.SkyLight Name:SkyLight_1 Label:SkyLight SpatiallyLoaded:0 Bounds:IsValid=true, Min=(X=0.000 Y=0.000 Z=690.000), Max=(X=0.000 Y=0.000 Z=690.000) RuntimeGrid:None EditorOnly:0 RuntimeOnly:0 HLODRelevant:0 ListedInSceneOutliner:1 IsMainWorldOnly:0 FolderPath:Lighting FolderGuid:4C9334684BA61B42C769F799D2576455
 |   |   |- Guid:1E0EE56B4C8ABFE7B943DCBC59077E0C BaseClass: NativeClass:/Script/Engine.StaticMeshActor Name:StaticMeshActor_3 Label:SM_Cylinder11 SpatiallyLoaded:1 Bounds:IsValid=true, Min=(X=1350.000 Y=2950.000 Z=0.000), Max=(X=1450.000 Y=3050.000 Z=300.000) RuntimeGrid:None EditorOnly:0 RuntimeOnly:0 HLODRelevant:1 ListedInSceneOutliner:1 IsMainWorldOnly:0 FolderPath:Pillars FolderGuid:BB8AF4C246C38D173850E8B115A3DCFE
 |   |   |- Guid:1FEC8FAC495CEF0CE32492ADCBB96BAE BaseClass: NativeClass:/Script/AIModule.NavLinkProxy Name:NavLinkProxy_3 Label:NavLinkProxy3 SpatiallyLoaded:1 Bounds:IsValid=true, Min=(X=2240.000 Y=1030.000 Z=90.000), Max=(X=2240.000 Y=1030.000 Z=90.000) RuntimeGrid:None EditorOnly:0 RuntimeOnly:0 HLODRelevant:0 ListedInSceneOutliner:1 IsMainWorldOnly:0 FolderPath:Navigation FolderGuid:AE45D61F453CC144CF8289862C276E89
 |   |   |- Guid:214D08A84E58D4159589E3A962C23E03 BaseClass: NativeClass:/Script/Engine.StaticMeshActor Name:StaticMeshActor_35 Label:SM_Cylinder5 SpatiallyLoaded:1 Bounds:IsValid=true, Min=(X=1750.000 Y=2750.000 Z=0.000), Max=(X=1850.000 Y=2850.000 Z=300.000) RuntimeGrid:None EditorOnly:0 RuntimeOnly:0 HLODRelevant:1 ListedInSceneOutliner:1 IsMainWorldOnly:0 FolderPath:Pillars FolderGuid:BB8AF4C246C38D173850E8B115A3DCFE
 |   |   |- Guid:2169CB5C470E0E674279BA96829753DD BaseClass: NativeClass:/Script/Engine.StaticMeshActor Name:StaticMeshActor_17 Label:SM_Cube SpatiallyLoaded:1 Bounds:IsValid=true, Min=(X=0.000 Y=0.000 Z=-50.000), Max=(X=3000.000 Y=3500.000 Z=0.000) RuntimeGrid:None EditorOnly:0 RuntimeOnly:0 HLODRelevant:1 ListedInSceneOutliner:1 IsMainWorldOnly:0 FolderPath:Playground FolderGuid:9FE5E8B349AF71F05F2688921F3F2AC5
 |   |   |- Guid:27CFDB3B4B3A7FE2C952F1A11A6F3816 BaseClass:/Game/Cityscape/BP_NewYork.BP_NewYork_C NativeClass:/Script/Engine.Actor Name:BP_NewYork_C_UAID_906584AC18C687F001_1141109360 Label:BP_NewYork SpatiallyLoaded:1 Bounds:IsValid=true, Min=(X=-511.719 Y=-2185.861 Z=-158.436), Max=(X=1150.923 Y=-624.969 Z=8.579) RuntimeGrid:None EditorOnly:0 RuntimeOnly:0 HLODRelevant:0 ListedInSceneOutliner:1 IsMainWorldOnly:0
 |   |   |- Guid:2D7164E646F0240546FF9FBA6D7AA4E9 BaseClass:/Game/Cityscape/BP_NewYork.BP_NewYork_C NativeClass:/Script/Engine.Actor Name:BP_NewYork_C_UAID_906584AC18C689F001_1831941719 Label:BP_NewYork5 SpatiallyLoaded:1 Bounds:IsValid=true, Min=(X=-582.575 Y=1079.517 Z=-158.436), Max=(X=1080.072 Y=2640.414 Z=8.579) RuntimeGrid:None EditorOnly:0 RuntimeOnly:0 HLODRelevant:0 ListedInSceneOutliner:1 IsMainWorldOnly:0
 |   |   |- Guid:2DF0D95440BE0EDA81652F860DC7268E BaseClass: NativeClass:/Script/Engine.WorldDataLayers Name:WorldDataLayers Label:WorldDataLayers SpatiallyLoaded:0 Bounds:IsValid=true, Min=(X=0.000 Y=0.000 Z=0.000), Max=(X=0.000 Y=0.000 Z=0.000) RuntimeGrid:None EditorOnly:0 RuntimeOnly:0 HLODRelevant:0 ListedInSceneOutliner:1 IsMainWorldOnly:1
 |   |   |- Guid:306929B142C99B3AD97B3C9F251C2129 BaseClass: NativeClass:/Script/Engine.StaticMeshActor Name:StaticMeshActor_22 Label:SM_Cube5 SpatiallyLoaded:1 Bounds:IsValid=true, Min=(X=-0.000 Y=100.000 Z=0.000), Max=(X=100.000 Y=3400.000 Z=400.000) RuntimeGrid:None EditorOnly:0 RuntimeOnly:0 HLODRelevant:1 ListedInSceneOutliner:1 IsMainWorldOnly:0 FolderPath:Playground FolderGuid:9FE5E8B349AF71F05F2688921F3F2AC5
 |   |   |- Guid:33C55B304E7DB8FDD990AD97756DABFD BaseClass:/Game/Cityscape/BP_NewYork.BP_NewYork_C NativeClass:/Script/Engine.Actor Name:BP_NewYork_C_UAID_906584AC18C689F001_1842113722 Label:BP_NewYork8 SpatiallyLoaded:1 Bounds:IsValid=true, Min=(X=969.978 Y=-2103.916 Z=-158.436), Max=(X=2530.875 Y=-441.269 Z=8.579) RuntimeGrid:None EditorOnly:0 RuntimeOnly:0 HLODRelevant:0 ListedInSceneOutliner:1 IsMainWorldOnly:0
 |   |   |- Guid:3A8793214279BC89956A10802A500D83 BaseClass:/Game/Cityscape/BP_NewYork2.BP_NewYork2_C NativeClass:/Script/Engine.Actor Name:BP_NewYork2_C_UAID_906584AC18C68EF001_1246338591 Label:BP_NewYork9 SpatiallyLoaded:1 Bounds:IsValid=true, Min=(X=2741.399 Y=-2791.005 Z=-117.273), Max=(X=5439.775 Y=203.617 Z=96.819) RuntimeGrid:None EditorOnly:0 RuntimeOnly:0 HLODRelevant:0 ListedInSceneOutliner:1 IsMainWorldOnly:0
 |   |   |- Guid:3B95BA1F4DFDC538382084B368DA78D9 BaseClass: NativeClass:/Script/Engine.StaticMeshActor Name:StaticMeshActor_UAID_00155DAF9F8E99BA01_1442274509 Label:Plane2 SpatiallyLoaded:1 Bounds:IsValid=true, Min=(X=-7499.997 Y=-9355.000 Z=5901.503), Max=(X=7500.003 Y=645.000 Z=5901.503) RuntimeGrid:None EditorOnly:0 RuntimeOnly:0 HLODRelevant:1 ListedInSceneOutliner:1 IsMainWorldOnly:0
 |   |   |- Guid:5B01E70A40FD2B666134A1B86F6B582E BaseClass: NativeClass:/Script/Engine.StaticMeshActor Name:StaticMeshActor_21 Label:SM_Ramp2 SpatiallyLoaded:1 Bounds:IsValid=true, Min=(X=1400.000 Y=600.000 Z=0.000), Max=(X=1600.000 Y=1000.000 Z=100.000) RuntimeGrid:None EditorOnly:0 RuntimeOnly:0 HLODRelevant:1 ListedInSceneOutliner:1 IsMainWorldOnly:0 FolderPath:Block01 FolderGuid:4C556963462B5D49496AD286A4690C47
 |   |   |- Guid:6252C7D64ACF162A73EE65B11FE214D1 BaseClass: NativeClass:/Script/Engine.SkyAtmosphere Name:SkyAtmosphere_1 Label:SkyAtmosphere SpatiallyLoaded:0 Bounds:IsValid=true, Min=(X=0.000 Y=0.000 Z=1020.000), Max=(X=0.000 Y=0.000 Z=1020.000) RuntimeGrid:None EditorOnly:0 RuntimeOnly:0 HLODRelevant:0 ListedInSceneOutliner:1 IsMainWorldOnly:0 FolderPath:Lighting FolderGuid:4C9334684BA61B42C769F799D2576455
 |   |   |- Guid:646323434DA48F9865127EA28190CF68 BaseClass:/Game/Cityscape/BP_NewYork.BP_NewYork_C NativeClass:/Script/Engine.Actor Name:BP_NewYork_C_UAID_906584AC18C689F001_1835008720 Label:BP_NewYork6 SpatiallyLoaded:1 Bounds:IsValid=true, Min=(X=1004.052 Y=1226.285 Z=-158.436), Max=(X=2666.699 Y=2787.182 Z=8.579) RuntimeGrid:None EditorOnly:0 RuntimeOnly:0 HLODRelevant:0 ListedInSceneOutliner:1 IsMainWorldOnly:0
 |   |   |- Guid:66BCBF874D2A22ADC6523B95EE812CA3 BaseClass: NativeClass:/Script/Engine.StaticMeshActor Name:StaticMeshActor_UAID_A4AE111137DC5CFB00_1660657071 Label:SM_SkySphere SpatiallyLoaded:0 Bounds:IsValid=true, Min=(X=-1638400.000 Y=-1638400.000 Z=-1638400.000), Max=(X=1638400.000 Y=1638400.000 Z=1638400.000) RuntimeGrid:None EditorOnly:0 RuntimeOnly:0 HLODRelevant:1 ListedInSceneOutliner:1 IsMainWorldOnly:0 FolderPath:Lighting FolderGuid:4C9334684BA61B42C769F799D2576455
 |   |   |- Guid:6FA47B624BC74CE1A7FF439A01F959BA BaseClass:/Game/Cityscape/BP_NewYork.BP_NewYork_C NativeClass:/Script/Engine.Actor Name:BP_NewYork_C_UAID_906584AC18C689F001_1827172718 Label:BP_NewYork4 SpatiallyLoaded:1 Bounds:IsValid=true, Min=(X=-1994.890 Y=1010.800 Z=-158.436), Max=(X=-433.993 Y=2673.448 Z=8.579) RuntimeGrid:None EditorOnly:0 RuntimeOnly:0 HLODRelevant:0 ListedInSceneOutliner:1 IsMainWorldOnly:0
 |   |   |- Guid:71C8C39C4EFCCD178DE2D08AD6A4DCDB BaseClass: NativeClass:/Script/Engine.StaticMeshActor Name:StaticMeshActor_40 Label:SM_Cylinder10 SpatiallyLoaded:1 Bounds:IsValid=true, Min=(X=2250.000 Y=2650.000 Z=0.000), Max=(X=2350.000 Y=2750.000 Z=300.000) RuntimeGrid:None EditorOnly:0 RuntimeOnly:0 HLODRelevant:1 ListedInSceneOutliner:1 IsMainWorldOnly:0 FolderPath:Pillars FolderGuid:BB8AF4C246C38D173850E8B115A3DCFE
 |   |   |- Guid:7538BFCA43D3EA3EA8BCDD88D63F5EAA BaseClass: NativeClass:/Script/Engine.StaticMeshActor Name:StaticMeshActor_34 Label:SM_Cylinder4 SpatiallyLoaded:1 Bounds:IsValid=true, Min=(X=1850.000 Y=2350.000 Z=0.000), Max=(X=1950.000 Y=2450.000 Z=300.000) RuntimeGrid:None EditorOnly:0 RuntimeOnly:0 HLODRelevant:1 ListedInSceneOutliner:1 IsMainWorldOnly:0 FolderPath:Pillars FolderGuid:BB8AF4C246C38D173850E8B115A3DCFE
 |   |   |- Guid:77F893B3468595EE782136AD620D7EF4 BaseClass: NativeClass:/Script/Engine.VolumetricCloud Name:VolumetricCloud_0 Label:VolumetricCloud SpatiallyLoaded:0 Bounds:IsValid=true, Min=(X=0.000 Y=0.000 Z=820.000), Max=(X=0.000 Y=0.000 Z=820.000) RuntimeGrid:None EditorOnly:0 RuntimeOnly:0 HLODRelevant:0 ListedInSceneOutliner:1 IsMainWorldOnly:0 FolderPath:Lighting FolderGuid:4C9334684BA61B42C769F799D2576455
 |   |   |- Guid:8248E561477FE7EFFBDDA38A2EF2E606 BaseClass: NativeClass:/Script/Engine.StaticMeshActor Name:StaticMeshActor_1 Label:SM_Cube8 SpatiallyLoaded:1 Bounds:IsValid=true, Min=(X=1900.000 Y=600.000 Z=0.000), Max=(X=2000.000 Y=900.000 Z=200.000) RuntimeGrid:None EditorOnly:0 RuntimeOnly:0 HLODRelevant:1 ListedInSceneOutliner:1 IsMainWorldOnly:0 FolderPath:Block01 FolderGuid:4C556963462B5D49496AD286A4690C47
 |   |   |- Guid:87AB00FC44D67BD6908DBF89A9949083 BaseClass: NativeClass:/Script/Engine.StaticMeshActor Name:StaticMeshActor_2 Label:SM_Cylinder6 SpatiallyLoaded:1 Bounds:IsValid=true, Min=(X=1350.000 Y=2450.000 Z=0.000), Max=(X=1450.000 Y=2550.000 Z=300.000) RuntimeGrid:None EditorOnly:0 RuntimeOnly:0 HLODRelevant:1 ListedInSceneOutliner:1 IsMainWorldOnly:0 FolderPath:Pillars FolderGuid:BB8AF4C246C38D173850E8B115A3DCFE
 |   |   |- Guid:89B8C0DC43DD020BE4F63C9D55325FA1 BaseClass: NativeClass:/Script/Engine.StaticMeshActor Name:StaticMeshActor_UAID_00155DAF9F8E9ABA01_1183166688 Label:Plane4 SpatiallyLoaded:1 Bounds:IsValid=true, Min=(X=-8878.249 Y=-5471.821 Z=5901.503), Max=(X=1121.751 Y=9528.179 Z=5901.503) RuntimeGrid:None EditorOnly:0 RuntimeOnly:0 HLODRelevant:1 ListedInSceneOutliner:1 IsMainWorldOnly:0
 |   |   |- Guid:967973B24ED0095A56A3D9A2B29C7E24 BaseClass: NativeClass:/Script/Engine.StaticMeshActor Name:StaticMeshActor_0 Label:SM_QuarterCylinder7 SpatiallyLoaded:1 Bounds:IsValid=true, Min=(X=1900.000 Y=900.000 Z=0.000), Max=(X=2000.000 Y=1000.000 Z=200.000) RuntimeGrid:None EditorOnly:0 RuntimeOnly:0 HLODRelevant:1 ListedInSceneOutliner:1 IsMainWorldOnly:0 FolderPath:Block01 FolderGuid:4C556963462B5D49496AD286A4690C47
 |   |   |- Guid:986E31504A93684799835A892EC5B0BC BaseClass:/Game/TopDown/Blueprints/BP_Camera.BP_Camera_C NativeClass:/Script/Engine.Pawn Name:BP_Camera_C_UAID_00155DAF9F8E98BA01_1483478330 Label:BP_Camera_Play SpatiallyLoaded:1 Bounds:IsValid=true, Min=(X=38.799 Y=-155.404 Z=-156.039), Max=(X=138.799 Y=-55.404 Z=-56.039) RuntimeGrid:None EditorOnly:0 RuntimeOnly:0 HLODRelevant:0 ListedInSceneOutliner:1 IsMainWorldOnly:0
 |   |   |- Guid:9F5C85AD4CCA70385561559C9C8DBB03 BaseClass: NativeClass:/Script/Engine.StaticMeshActor Name:StaticMeshActor_24 Label:SM_Cube7 SpatiallyLoaded:1 Bounds:IsValid=true, Min=(X=2400.000 Y=500.000 Z=0.000), Max=(X=2500.000 Y=900.000 Z=200.000) RuntimeGrid:None EditorOnly:0 RuntimeOnly:0 HLODRelevant:1 ListedInSceneOutliner:1 IsMainWorldOnly:0 FolderPath:Block01 FolderGuid:4C556963462B5D49496AD286A4690C47
 |   |   |- Guid:AA2ADA5D4C494B0F71E41CBE1560FCE2 BaseClass: NativeClass:/Script/Engine.StaticMeshActor Name:StaticMeshActor_UAID_00155DAF9F8E9ABA01_1175253687 Label:Plane3 SpatiallyLoaded:1 Bounds:IsValid=true, Min=(X=5650.000 Y=-5471.821 Z=5901.503), Max=(X=15650.000 Y=9528.179 Z=5901.503) RuntimeGrid:None EditorOnly:0 RuntimeOnly:0 HLODRelevant:1 ListedInSceneOutliner:1 IsMainWorldOnly:0
 |   |   |- Guid:AD8D621045E8BD19978AA3B098808D36 BaseClass: NativeClass:/Script/Engine.StaticMeshActor Name:StaticMeshActor_59 Label:SM_ChamferCube4 SpatiallyLoaded:1 Bounds:IsValid=true, Min=(X=663.409 Y=2784.238 Z=0.063), Max=(X=804.292 Y=2925.121 Z=100.063) RuntimeGrid:None EditorOnly:0 RuntimeOnly:0 HLODRelevant:0 ListedInSceneOutliner:1 IsMainWorldOnly:0
 |   |   |- Guid:AE4BDE57491C67C1E7AFD4A09A9CADC1 BaseClass: NativeClass:/Script/Engine.StaticMeshActor Name:StaticMeshActor_66 Label:SM_Cylinder15 SpatiallyLoaded:1 Bounds:IsValid=true, Min=(X=2550.000 Y=2950.000 Z=0.000), Max=(X=2650.000 Y=3050.000 Z=300.000) RuntimeGrid:None EditorOnly:0 RuntimeOnly:0 HLODRelevant:1 ListedInSceneOutliner:1 IsMainWorldOnly:0 FolderPath:Pillars FolderGuid:BB8AF4C246C38D173850E8B115A3DCFE
 |   |   |- Guid:AE92EF614644F3E97ECD6E8F3B7E4798 BaseClass: NativeClass:/Script/Engine.StaticMeshActor Name:StaticMeshActor_65 Label:SM_ChamferCube5 SpatiallyLoaded:1 Bounds:IsValid=true, Min=(X=2419.765 Y=1390.593 Z=0.063), Max=(X=2547.936 Y=1518.765 Z=100.063) RuntimeGrid:None EditorOnly:0 RuntimeOnly:0 HLODRelevant:0 ListedInSceneOutliner:1 IsMainWorldOnly:0
 |   |   |- Guid:AECEEEE741E6DE68F6843FA49564A956 BaseClass: NativeClass:/Script/Engine.DirectionalLight Name:DirectionalLight_1 Label:DirectionalLight SpatiallyLoaded:0 Bounds:IsValid=true, Min=(X=-1048576.000 Y=-1048576.000 Z=-1048576.000), Max=(X=1048576.000 Y=1048576.000 Z=1048576.000) RuntimeGrid:None EditorOnly:0 RuntimeOnly:0 HLODRelevant:0 ListedInSceneOutliner:1 IsMainWorldOnly:0 FolderPath:Lighting FolderGuid:4C9334684BA61B42C769F799D2576455
 |   |   |- Guid:B38A108844DF3511FF5F5CB81AB810FF BaseClass:/Game/Cityscape/BP_NewYork.BP_NewYork_C NativeClass:/Script/Engine.Actor Name:BP_NewYork_C_UAID_906584AC18C689F001_1817173716 Label:BP_NewYork2 SpatiallyLoaded:1 Bounds:IsValid=true, Min=(X=-1940.568 Y=-2191.481 Z=-158.436), Max=(X=-379.671 Y=-528.834 Z=8.579) RuntimeGrid:None EditorOnly:0 RuntimeOnly:0 HLODRelevant:0 ListedInSceneOutliner:1 IsMainWorldOnly:0
 |   |   |- Guid:BDEC3B934D0E82F20D2B1EB0EC03EE05 BaseClass:/Game/TopDown/Blueprints/BP_Camera.BP_Camera_C NativeClass:/Script/Engine.Pawn Name:BP_Camera_C_UAID_00155DAF9F8E98BA01_1542860331 Label:BP_Camera_MapGen SpatiallyLoaded:1 Bounds:IsValid=true, Min=(X=3229.289 Y=2450.000 Z=7929.289), Max=(X=3370.711 Y=2550.000 Z=8070.711) RuntimeGrid:None EditorOnly:0 RuntimeOnly:0 HLODRelevant:0 ListedInSceneOutliner:1 IsMainWorldOnly:0
 |   |   |- Guid:C81786A4417C98DC3952D7BB9D023436 BaseClass: NativeClass:/Script/Engine.StaticMeshActor Name:StaticMeshActor_25 Label:SM_Cube9 SpatiallyLoaded:1 Bounds:IsValid=true, Min=(X=1400.000 Y=400.000 Z=0.000), Max=(X=2400.000 Y=600.000 Z=100.000) RuntimeGrid:None EditorOnly:0 RuntimeOnly:0 HLODRelevant:1 ListedInSceneOutliner:1 IsMainWorldOnly:0 FolderPath:Block01 FolderGuid:4C556963462B5D49496AD286A4690C47
 |   |   |- Guid:CCDD89584E0A9025F52AEDA51D60CA54 BaseClass: NativeClass:/Script/NavigationSystem.NavMeshBoundsVolume Name:NavMeshBoundsVolume_1 Label:NavMeshBoundsVolume SpatiallyLoaded:0 Bounds:IsValid=true, Min=(X=-100.000 Y=-100.000 Z=-110.000), Max=(X=3100.000 Y=3600.000 Z=390.000) RuntimeGrid:None EditorOnly:0 RuntimeOnly:0 HLODRelevant:0 ListedInSceneOutliner:1 IsMainWorldOnly:0 FolderPath:Navigation FolderGuid:AE45D61F453CC144CF8289862C276E89
 |   |   |- Guid:CF80F3F54843D87445FF46BC595650BA BaseClass: NativeClass:/Script/Niagara.NiagaraActor Name:NiagaraActor_UAID_906584AC18C688F001_2131142539 Label:NS_DUST SpatiallyLoaded:1 Bounds:IsValid=true, Min=(X=-1056.982 Y=1227.285 Z=483.791), Max=(X=-1054.982 Y=1229.285 Z=485.791) RuntimeGrid:None EditorOnly:0 RuntimeOnly:0 HLODRelevant:0 ListedInSceneOutliner:1 IsMainWorldOnly:0
 |   |   |- Guid:CF90D5044AFDFFB9BFAD4BB1D0744D8D BaseClass:/Game/Cityscape/BP_NewYork.BP_NewYork_C NativeClass:/Script/Engine.Actor Name:BP_NewYork_C_UAID_906584AC18C689F001_1837518721 Label:BP_NewYork7 SpatiallyLoaded:1 Bounds:IsValid=true, Min=(X=1181.337 Y=-548.876 Z=-158.436), Max=(X=2742.234 Y=1113.771 Z=8.579) RuntimeGrid:None EditorOnly:0 RuntimeOnly:0 HLODRelevant:0 ListedInSceneOutliner:1 IsMainWorldOnly:0
 |   |   |- Guid:D24D61B944EF71BE7BC469B7EB239299 BaseClass: NativeClass:/Script/Engine.ExponentialHeightFog Name:ExponentialHeightFog_1 Label:ExponentialHeightFog SpatiallyLoaded:0 Bounds:IsValid=true, Min=(X=-5600.000 Y=-50.000 Z=-6850.000), Max=(X=-5600.000 Y=-50.000 Z=-6850.000) RuntimeGrid:None EditorOnly:0 RuntimeOnly:0 HLODRelevant:0 ListedInSceneOutliner:1 IsMainWorldOnly:0 FolderPath:Lighting FolderGuid:4C9334684BA61B42C769F799D2576455
 |   |   |- Guid:D3B17C8E4BDF6B6423A047B50448A521 BaseClass: NativeClass:/Script/Engine.StaticMeshActor Name:StaticMeshActor_38 Label:SM_Cylinder8 SpatiallyLoaded:1 Bounds:IsValid=true, Min=(X=2250.000 Y=1950.000 Z=0.000), Max=(X=2350.000 Y=2050.000 Z=300.000) RuntimeGrid:None EditorOnly:0 RuntimeOnly:0 HLODRelevant:1 ListedInSceneOutliner:1 IsMainWorldOnly:0 FolderPath:Pillars FolderGuid:BB8AF4C246C38D173850E8B115A3DCFE
 |   |   |- Guid:D59F2DEE4227548CFA939EAA6B6C3948 BaseClass: NativeClass:/Script/Engine.StaticMeshActor Name:StaticMeshActor_39 Label:SM_Cylinder9 SpatiallyLoaded:1 Bounds:IsValid=true, Min=(X=2450.000 Y=2350.000 Z=0.000), Max=(X=2550.000 Y=2450.000 Z=300.000) RuntimeGrid:None EditorOnly:0 RuntimeOnly:0 HLODRelevant:1 ListedInSceneOutliner:1 IsMainWorldOnly:0 FolderPath:Pillars FolderGuid:BB8AF4C246C38D173850E8B115A3DCFE
 |   |   |- Guid:E13C3DEE4C2A85CE5335BBAA11BF5B5B BaseClass:/Game/Buildings/BP_TrainStation.BP_TrainStation_C NativeClass:/Script/Engine.Actor Name:BP_TrainStation_C_UAID_00155D7729389EB201_1372862935 Label:BP_TrainStation SpatiallyLoaded:1 Bounds:IsValid=true, Min=(X=-323.600 Y=-340.384 Z=-118.694), Max=(X=323.600 Y=340.384 Z=48.178) RuntimeGrid:None EditorOnly:0 RuntimeOnly:0 HLODRelevant:0 ListedInSceneOutliner:1 IsMainWorldOnly:0
 |   |   |- Guid:E3A254A24FEC950D1869E484CB762659 BaseClass: NativeClass:/Script/Engine.StaticMeshActor Name:StaticMeshActor_37 Label:SM_Cylinder7 SpatiallyLoaded:1 Bounds:IsValid=true, Min=(X=1650.000 Y=1950.000 Z=0.000), Max=(X=1750.000 Y=2050.000 Z=300.000) RuntimeGrid:None EditorOnly:0 RuntimeOnly:0 HLODRelevant:1 ListedInSceneOutliner:1 IsMainWorldOnly:0 FolderPath:Pillars FolderGuid:BB8AF4C246C38D173850E8B115A3DCFE
 |   |   |- Guid:E9A7CC6F4BA1231ED60208AB9C648293 BaseClass: NativeClass:/Script/Engine.StaticMeshActor Name:StaticMeshActor_44 Label:SM_ChamferCube3 SpatiallyLoaded:1 Bounds:IsValid=true, Min=(X=711.512 Y=2824.945 Z=100.063), Max=(X=848.115 Y=2961.548 Z=200.063) RuntimeGrid:None EditorOnly:0 RuntimeOnly:0 HLODRelevant:0 ListedInSceneOutliner:1 IsMainWorldOnly:0
 |   |   |- Guid:E9F51259425B785A35C436A5559AD7B4 BaseClass: NativeClass:/Script/Engine.StaticMeshActor Name:StaticMeshActor_19 Label:SM_Cube3 SpatiallyLoaded:1 Bounds:IsValid=true, Min=(X=0.000 Y=3400.000 Z=0.000), Max=(X=3000.000 Y=3500.000 Z=400.000) RuntimeGrid:None EditorOnly:0 RuntimeOnly:0 HLODRelevant:1 ListedInSceneOutliner:1 IsMainWorldOnly:0 FolderPath:Playground FolderGuid:9FE5E8B349AF71F05F2688921F3F2AC5
 |   |   |- Guid:EBDD3DE7460B99163A5FD58EFC8EA671 BaseClass: NativeClass:/Script/Engine.StaticMeshActor Name:StaticMeshActor_29 Label:SM_QuarterCylinder6 SpatiallyLoaded:1 Bounds:IsValid=true, Min=(X=2400.000 Y=900.000 Z=0.000), Max=(X=2500.000 Y=1000.000 Z=200.000) RuntimeGrid:None EditorOnly:0 RuntimeOnly:0 HLODRelevant:1 ListedInSceneOutliner:1 IsMainWorldOnly:0 FolderPath:Block01 FolderGuid:4C556963462B5D49496AD286A4690C47
 |   |   |- Guid:ED702DEB4F4A6D94A5DB4F9C337C2079 BaseClass: NativeClass:/Script/Engine.TextRenderActor Name:TextRenderActor_0 Label:TextRenderActor SpatiallyLoaded:1 Bounds:IsValid=true, Min=(X=-0.100 Y=1100.000 Z=65.013), Max=(X=-0.100 Y=2225.000 Z=215.013) RuntimeGrid:None EditorOnly:0 RuntimeOnly:0 HLODRelevant:0 ListedInSceneOutliner:1 IsMainWorldOnly:0
 |   |   |- Guid:F07559B14CE9ADE1215992AA417A945E BaseClass: NativeClass:/Script/Engine.StaticMeshActor Name:StaticMeshActor_18 Label:SM_Cube2 SpatiallyLoaded:1 Bounds:IsValid=true, Min=(X=0.000 Y=0.000 Z=0.000), Max=(X=3000.000 Y=100.000 Z=400.000) RuntimeGrid:None EditorOnly:0 RuntimeOnly:0 HLODRelevant:1 ListedInSceneOutliner:1 IsMainWorldOnly:0 FolderPath:Playground FolderGuid:9FE5E8B349AF71F05F2688921F3F2AC5
 |   |   |- Guid:F33CC5014C49925B3A9D52A063AF483F BaseClass: NativeClass:/Script/Engine.PlayerStart Name:PlayerStart_0 Label:PlayerStart SpatiallyLoaded:0 Bounds:IsValid=true, Min=(X=960.000 Y=1770.000 Z=0.013), Max=(X=1040.000 Y=1850.000 Z=184.013) RuntimeGrid:None EditorOnly:0 RuntimeOnly:0 HLODRelevant:0 ListedInSceneOutliner:1 IsMainWorldOnly:0
 |   |   |- Guid:F631A1FD49D9396A89472DB2E28EB965 BaseClass: NativeClass:/Script/Engine.StaticMeshActor Name:StaticMeshActor_26 Label:SM_Ramp3 SpatiallyLoaded:1 Bounds:IsValid=true, Min=(X=1600.000 Y=400.000 Z=100.000), Max=(X=1900.000 Y=600.000 Z=200.000) RuntimeGrid:None EditorOnly:0 RuntimeOnly:0 HLODRelevant:1 ListedInSceneOutliner:1 IsMainWorldOnly:0 FolderPath:Block01 FolderGuid:4C556963462B5D49496AD286A4690C47
 |   |   |- Guid:FA53012A44557D60E21D1B8B9D0C5141 BaseClass: NativeClass:/Script/Engine.StaticMeshActor Name:StaticMeshActor_27 Label:SM_Cube10 SpatiallyLoaded:1 Bounds:IsValid=true, Min=(X=1900.000 Y=400.000 Z=100.000), Max=(X=2400.000 Y=600.000 Z=200.000) RuntimeGrid:None EditorOnly:0 RuntimeOnly:0 HLODRelevant:1 ListedInSceneOutliner:1 IsMainWorldOnly:0 FolderPath:Block01 FolderGuid:4C556963462B5D49496AD286A4690C47
 |   |- [+] Clusters:
 |   |   |- [+] [  0]
 |   |   |   |- Guid:0B15F021489E660010491AA38DBCEC68 BaseClass: NativeClass:/Script/Engine.StaticMeshActor Name:StaticMeshActor_20 Label:SM_Cube4 SpatiallyLoaded:1 Bounds:IsValid=true, Min=(X=2000.000 Y=600.000 Z=0.000), Max=(X=2400.000 Y=1000.000 Z=200.000) RuntimeGrid:None EditorOnly:0 RuntimeOnly:0 HLODRelevant:1 ListedInSceneOutliner:1 IsMainWorldOnly:0 FolderPath:Block01 FolderGuid:4C556963462B5D49496AD286A4690C47
 |   |   |- [+] [  1]
 |   |   |   |- Guid:0F4324B34E091887A24AD9995AE727D1 BaseClass: NativeClass:/Script/Engine.StaticMeshActor Name:StaticMeshActor_23 Label:SM_Cube6 SpatiallyLoaded:1 Bounds:IsValid=true, Min=(X=2900.000 Y=100.000 Z=0.000), Max=(X=3000.000 Y=3400.000 Z=400.000) RuntimeGrid:None EditorOnly:0 RuntimeOnly:0 HLODRelevant:1 ListedInSceneOutliner:1 IsMainWorldOnly:0 FolderPath:Playground FolderGuid:9FE5E8B349AF71F05F2688921F3F2AC5
 |   |   |- [+] [  2]
 |   |   |   |- Guid:106563D5414FAD0844FBDCBEAC7AF29D BaseClass: NativeClass:/Script/Engine.StaticMeshActor Name:StaticMeshActor_42 Label:SM_ChamferCube SpatiallyLoaded:1 Bounds:IsValid=true, Min=(X=761.762 Y=2853.712 Z=0.063), Max=(X=902.646 Y=2994.595 Z=100.063) RuntimeGrid:None EditorOnly:0 RuntimeOnly:0 HLODRelevant:0 ListedInSceneOutliner:1 IsMainWorldOnly:0
 |   |   |- [+] [  3]
 |   |   |   |- Guid:10CA039A41B87B91B0C31BAD2DEC9568 BaseClass: NativeClass:/Script/Engine.StaticMeshActor Name:StaticMeshActor_28 Label:SM_QuarterCylinder3 SpatiallyLoaded:1 Bounds:IsValid=true, Min=(X=2400.000 Y=400.000 Z=0.000), Max=(X=2500.000 Y=500.000 Z=200.000) RuntimeGrid:None EditorOnly:0 RuntimeOnly:0 HLODRelevant:1 ListedInSceneOutliner:1 IsMainWorldOnly:0 FolderPath:Block01 FolderGuid:4C556963462B5D49496AD286A4690C47
 |   |   |- [+] [  4]
 |   |   |   |- Guid:1237DE30426B5C1DDABAC0B9EB856796 BaseClass:/Game/Cityscape/BP_NewYork.BP_NewYork_C NativeClass:/Script/Engine.Actor Name:BP_NewYork_C_UAID_906584AC18C689F001_1823663717 Label:BP_NewYork3 SpatiallyLoaded:1 Bounds:IsValid=true, Min=(X=-1940.568 Y=-576.509 Z=-158.436), Max=(X=-379.671 Y=1086.138 Z=8.579) RuntimeGrid:None EditorOnly:0 RuntimeOnly:0 HLODRelevant:0 ListedInSceneOutliner:1 IsMainWorldOnly:0
 |   |   |- [+] [  5]
 |   |   |   |- Guid:12F0850A4BE5405E5927F3B835FDA7E6 BaseClass: NativeClass:/Script/Engine.StaticMeshActor Name:StaticMeshActor_UAID_00155DAF9F8E99BA01_1338651508 Label:Plane SpatiallyLoaded:1 Bounds:IsValid=true, Min=(X=-7499.997 Y=5170.000 Z=5901.503), Max=(X=7500.003 Y=15170.000 Z=5901.503) RuntimeGrid:None EditorOnly:0 RuntimeOnly:0 HLODRelevant:1 ListedInSceneOutliner:1 IsMainWorldOnly:0
 |   |   |- [+] [  6]
 |   |   |   |- Guid:147C8D134B12D635012D5F8C57D2C96F BaseClass: NativeClass:/Script/Engine.PostProcessVolume Name:PostProcessVolume_1 Label:PostProcessVolume SpatiallyLoaded:0 Bounds:IsValid=true, Min=(X=0.000 Y=0.000 Z=400.000), Max=(X=200.000 Y=200.000 Z=600.000) RuntimeGrid:None EditorOnly:0 RuntimeOnly:0 HLODRelevant:0 ListedInSceneOutliner:1 IsMainWorldOnly:0 FolderPath:Lighting FolderGuid:4C9334684BA61B42C769F799D2576455
 |   |   |- [+] [  7]
 |   |   |   |- Guid:1742DF43475F097453197AA79C7473D9 BaseClass: NativeClass:/Script/Engine.SkyLight Name:SkyLight_1 Label:SkyLight SpatiallyLoaded:0 Bounds:IsValid=true, Min=(X=0.000 Y=0.000 Z=690.000), Max=(X=0.000 Y=0.000 Z=690.000) RuntimeGrid:None EditorOnly:0 RuntimeOnly:0 HLODRelevant:0 ListedInSceneOutliner:1 IsMainWorldOnly:0 FolderPath:Lighting FolderGuid:4C9334684BA61B42C769F799D2576455
 |   |   |- [+] [  8]
 |   |   |   |- Guid:1E0EE56B4C8ABFE7B943DCBC59077E0C BaseClass: NativeClass:/Script/Engine.StaticMeshActor Name:StaticMeshActor_3 Label:SM_Cylinder11 SpatiallyLoaded:1 Bounds:IsValid=true, Min=(X=1350.000 Y=2950.000 Z=0.000), Max=(X=1450.000 Y=3050.000 Z=300.000) RuntimeGrid:None EditorOnly:0 RuntimeOnly:0 HLODRelevant:1 ListedInSceneOutliner:1 IsMainWorldOnly:0 FolderPath:Pillars FolderGuid:BB8AF4C246C38D173850E8B115A3DCFE
 |   |   |- [+] [  9]
 |   |   |   |- Guid:1FEC8FAC495CEF0CE32492ADCBB96BAE BaseClass: NativeClass:/Script/AIModule.NavLinkProxy Name:NavLinkProxy_3 Label:NavLinkProxy3 SpatiallyLoaded:1 Bounds:IsValid=true, Min=(X=2240.000 Y=1030.000 Z=90.000), Max=(X=2240.000 Y=1030.000 Z=90.000) RuntimeGrid:None EditorOnly:0 RuntimeOnly:0 HLODRelevant:0 ListedInSceneOutliner:1 IsMainWorldOnly:0 FolderPath:Navigation FolderGuid:AE45D61F453CC144CF8289862C276E89
 |   |   |- [+] [ 10]
 |   |   |   |- Guid:214D08A84E58D4159589E3A962C23E03 BaseClass: NativeClass:/Script/Engine.StaticMeshActor Name:StaticMeshActor_35 Label:SM_Cylinder5 SpatiallyLoaded:1 Bounds:IsValid=true, Min=(X=1750.000 Y=2750.000 Z=0.000), Max=(X=1850.000 Y=2850.000 Z=300.000) RuntimeGrid:None EditorOnly:0 RuntimeOnly:0 HLODRelevant:1 ListedInSceneOutliner:1 IsMainWorldOnly:0 FolderPath:Pillars FolderGuid:BB8AF4C246C38D173850E8B115A3DCFE
 |   |   |- [+] [ 11]
 |   |   |   |- Guid:2169CB5C470E0E674279BA96829753DD BaseClass: NativeClass:/Script/Engine.StaticMeshActor Name:StaticMeshActor_17 Label:SM_Cube SpatiallyLoaded:1 Bounds:IsValid=true, Min=(X=0.000 Y=0.000 Z=-50.000), Max=(X=3000.000 Y=3500.000 Z=0.000) RuntimeGrid:None EditorOnly:0 RuntimeOnly:0 HLODRelevant:1 ListedInSceneOutliner:1 IsMainWorldOnly:0 FolderPath:Playground FolderGuid:9FE5E8B349AF71F05F2688921F3F2AC5
 |   |   |- [+] [ 12]
 |   |   |   |- Guid:27CFDB3B4B3A7FE2C952F1A11A6F3816 BaseClass:/Game/Cityscape/BP_NewYork.BP_NewYork_C NativeClass:/Script/Engine.Actor Name:BP_NewYork_C_UAID_906584AC18C687F001_1141109360 Label:BP_NewYork SpatiallyLoaded:1 Bounds:IsValid=true, Min=(X=-511.719 Y=-2185.861 Z=-158.436), Max=(X=1150.923 Y=-624.969 Z=8.579) RuntimeGrid:None EditorOnly:0 RuntimeOnly:0 HLODRelevant:0 ListedInSceneOutliner:1 IsMainWorldOnly:0
 |   |   |- [+] [ 13]
 |   |   |   |- Guid:2D7164E646F0240546FF9FBA6D7AA4E9 BaseClass:/Game/Cityscape/BP_NewYork.BP_NewYork_C NativeClass:/Script/Engine.Actor Name:BP_NewYork_C_UAID_906584AC18C689F001_1831941719 Label:BP_NewYork5 SpatiallyLoaded:1 Bounds:IsValid=true, Min=(X=-582.575 Y=1079.517 Z=-158.436), Max=(X=1080.072 Y=2640.414 Z=8.579) RuntimeGrid:None EditorOnly:0 RuntimeOnly:0 HLODRelevant:0 ListedInSceneOutliner:1 IsMainWorldOnly:0
 |   |   |- [+] [ 14]
 |   |   |   |- Guid:2DF0D95440BE0EDA81652F860DC7268E BaseClass: NativeClass:/Script/Engine.WorldDataLayers Name:WorldDataLayers Label:WorldDataLayers SpatiallyLoaded:0 Bounds:IsValid=true, Min=(X=0.000 Y=0.000 Z=0.000), Max=(X=0.000 Y=0.000 Z=0.000) RuntimeGrid:None EditorOnly:0 RuntimeOnly:0 HLODRelevant:0 ListedInSceneOutliner:1 IsMainWorldOnly:1
 |   |   |- [+] [ 15]
 |   |   |   |- Guid:306929B142C99B3AD97B3C9F251C2129 BaseClass: NativeClass:/Script/Engine.StaticMeshActor Name:StaticMeshActor_22 Label:SM_Cube5 SpatiallyLoaded:1 Bounds:IsValid=true, Min=(X=-0.000 Y=100.000 Z=0.000), Max=(X=100.000 Y=3400.000 Z=400.000) RuntimeGrid:None EditorOnly:0 RuntimeOnly:0 HLODRelevant:1 ListedInSceneOutliner:1 IsMainWorldOnly:0 FolderPath:Playground FolderGuid:9FE5E8B349AF71F05F2688921F3F2AC5
 |   |   |- [+] [ 16]
 |   |   |   |- Guid:33C55B304E7DB8FDD990AD97756DABFD BaseClass:/Game/Cityscape/BP_NewYork.BP_NewYork_C NativeClass:/Script/Engine.Actor Name:BP_NewYork_C_UAID_906584AC18C689F001_1842113722 Label:BP_NewYork8 SpatiallyLoaded:1 Bounds:IsValid=true, Min=(X=969.978 Y=-2103.916 Z=-158.436), Max=(X=2530.875 Y=-441.269 Z=8.579) RuntimeGrid:None EditorOnly:0 RuntimeOnly:0 HLODRelevant:0 ListedInSceneOutliner:1 IsMainWorldOnly:0
 |   |   |- [+] [ 17]
 |   |   |   |- Guid:3A8793214279BC89956A10802A500D83 BaseClass:/Game/Cityscape/BP_NewYork2.BP_NewYork2_C NativeClass:/Script/Engine.Actor Name:BP_NewYork2_C_UAID_906584AC18C68EF001_1246338591 Label:BP_NewYork9 SpatiallyLoaded:1 Bounds:IsValid=true, Min=(X=2741.399 Y=-2791.005 Z=-117.273), Max=(X=5439.775 Y=203.617 Z=96.819) RuntimeGrid:None EditorOnly:0 RuntimeOnly:0 HLODRelevant:0 ListedInSceneOutliner:1 IsMainWorldOnly:0
 |   |   |- [+] [ 18]
 |   |   |   |- Guid:3B95BA1F4DFDC538382084B368DA78D9 BaseClass: NativeClass:/Script/Engine.StaticMeshActor Name:StaticMeshActor_UAID_00155DAF9F8E99BA01_1442274509 Label:Plane2 SpatiallyLoaded:1 Bounds:IsValid=true, Min=(X=-7499.997 Y=-9355.000 Z=5901.503), Max=(X=7500.003 Y=645.000 Z=5901.503) RuntimeGrid:None EditorOnly:0 RuntimeOnly:0 HLODRelevant:1 ListedInSceneOutliner:1 IsMainWorldOnly:0
 |   |   |- [+] [ 19]
 |   |   |   |- Guid:5B01E70A40FD2B666134A1B86F6B582E BaseClass: NativeClass:/Script/Engine.StaticMeshActor Name:StaticMeshActor_21 Label:SM_Ramp2 SpatiallyLoaded:1 Bounds:IsValid=true, Min=(X=1400.000 Y=600.000 Z=0.000), Max=(X=1600.000 Y=1000.000 Z=100.000) RuntimeGrid:None EditorOnly:0 RuntimeOnly:0 HLODRelevant:1 ListedInSceneOutliner:1 IsMainWorldOnly:0 FolderPath:Block01 FolderGuid:4C556963462B5D49496AD286A4690C47
 |   |   |- [+] [ 20]
 |   |   |   |- Guid:6252C7D64ACF162A73EE65B11FE214D1 BaseClass: NativeClass:/Script/Engine.SkyAtmosphere Name:SkyAtmosphere_1 Label:SkyAtmosphere SpatiallyLoaded:0 Bounds:IsValid=true, Min=(X=0.000 Y=0.000 Z=1020.000), Max=(X=0.000 Y=0.000 Z=1020.000) RuntimeGrid:None EditorOnly:0 RuntimeOnly:0 HLODRelevant:0 ListedInSceneOutliner:1 IsMainWorldOnly:0 FolderPath:Lighting FolderGuid:4C9334684BA61B42C769F799D2576455
 |   |   |- [+] [ 21]
 |   |   |   |- Guid:646323434DA48F9865127EA28190CF68 BaseClass:/Game/Cityscape/BP_NewYork.BP_NewYork_C NativeClass:/Script/Engine.Actor Name:BP_NewYork_C_UAID_906584AC18C689F001_1835008720 Label:BP_NewYork6 SpatiallyLoaded:1 Bounds:IsValid=true, Min=(X=1004.052 Y=1226.285 Z=-158.436), Max=(X=2666.699 Y=2787.182 Z=8.579) RuntimeGrid:None EditorOnly:0 RuntimeOnly:0 HLODRelevant:0 ListedInSceneOutliner:1 IsMainWorldOnly:0
 |   |   |- [+] [ 22]
 |   |   |   |- Guid:66BCBF874D2A22ADC6523B95EE812CA3 BaseClass: NativeClass:/Script/Engine.StaticMeshActor Name:StaticMeshActor_UAID_A4AE111137DC5CFB00_1660657071 Label:SM_SkySphere SpatiallyLoaded:0 Bounds:IsValid=true, Min=(X=-1638400.000 Y=-1638400.000 Z=-1638400.000), Max=(X=1638400.000 Y=1638400.000 Z=1638400.000) RuntimeGrid:None EditorOnly:0 RuntimeOnly:0 HLODRelevant:1 ListedInSceneOutliner:1 IsMainWorldOnly:0 FolderPath:Lighting FolderGuid:4C9334684BA61B42C769F799D2576455
 |   |   |- [+] [ 23]
 |   |   |   |- Guid:6FA47B624BC74CE1A7FF439A01F959BA BaseClass:/Game/Cityscape/BP_NewYork.BP_NewYork_C NativeClass:/Script/Engine.Actor Name:BP_NewYork_C_UAID_906584AC18C689F001_1827172718 Label:BP_NewYork4 SpatiallyLoaded:1 Bounds:IsValid=true, Min=(X=-1994.890 Y=1010.800 Z=-158.436), Max=(X=-433.993 Y=2673.448 Z=8.579) RuntimeGrid:None EditorOnly:0 RuntimeOnly:0 HLODRelevant:0 ListedInSceneOutliner:1 IsMainWorldOnly:0
 |   |   |- [+] [ 24]
 |   |   |   |- Guid:71C8C39C4EFCCD178DE2D08AD6A4DCDB BaseClass: NativeClass:/Script/Engine.StaticMeshActor Name:StaticMeshActor_40 Label:SM_Cylinder10 SpatiallyLoaded:1 Bounds:IsValid=true, Min=(X=2250.000 Y=2650.000 Z=0.000), Max=(X=2350.000 Y=2750.000 Z=300.000) RuntimeGrid:None EditorOnly:0 RuntimeOnly:0 HLODRelevant:1 ListedInSceneOutliner:1 IsMainWorldOnly:0 FolderPath:Pillars FolderGuid:BB8AF4C246C38D173850E8B115A3DCFE
 |   |   |- [+] [ 25]
 |   |   |   |- Guid:7538BFCA43D3EA3EA8BCDD88D63F5EAA BaseClass: NativeClass:/Script/Engine.StaticMeshActor Name:StaticMeshActor_34 Label:SM_Cylinder4 SpatiallyLoaded:1 Bounds:IsValid=true, Min=(X=1850.000 Y=2350.000 Z=0.000), Max=(X=1950.000 Y=2450.000 Z=300.000) RuntimeGrid:None EditorOnly:0 RuntimeOnly:0 HLODRelevant:1 ListedInSceneOutliner:1 IsMainWorldOnly:0 FolderPath:Pillars FolderGuid:BB8AF4C246C38D173850E8B115A3DCFE
 |   |   |- [+] [ 26]
 |   |   |   |- Guid:77F893B3468595EE782136AD620D7EF4 BaseClass: NativeClass:/Script/Engine.VolumetricCloud Name:VolumetricCloud_0 Label:VolumetricCloud SpatiallyLoaded:0 Bounds:IsValid=true, Min=(X=0.000 Y=0.000 Z=820.000), Max=(X=0.000 Y=0.000 Z=820.000) RuntimeGrid:None EditorOnly:0 RuntimeOnly:0 HLODRelevant:0 ListedInSceneOutliner:1 IsMainWorldOnly:0 FolderPath:Lighting FolderGuid:4C9334684BA61B42C769F799D2576455
 |   |   |- [+] [ 27]
 |   |   |   |- Guid:8248E561477FE7EFFBDDA38A2EF2E606 BaseClass: NativeClass:/Script/Engine.StaticMeshActor Name:StaticMeshActor_1 Label:SM_Cube8 SpatiallyLoaded:1 Bounds:IsValid=true, Min=(X=1900.000 Y=600.000 Z=0.000), Max=(X=2000.000 Y=900.000 Z=200.000) RuntimeGrid:None EditorOnly:0 RuntimeOnly:0 HLODRelevant:1 ListedInSceneOutliner:1 IsMainWorldOnly:0 FolderPath:Block01 FolderGuid:4C556963462B5D49496AD286A4690C47
 |   |   |- [+] [ 28]
 |   |   |   |- Guid:87AB00FC44D67BD6908DBF89A9949083 BaseClass: NativeClass:/Script/Engine.StaticMeshActor Name:StaticMeshActor_2 Label:SM_Cylinder6 SpatiallyLoaded:1 Bounds:IsValid=true, Min=(X=1350.000 Y=2450.000 Z=0.000), Max=(X=1450.000 Y=2550.000 Z=300.000) RuntimeGrid:None EditorOnly:0 RuntimeOnly:0 HLODRelevant:1 ListedInSceneOutliner:1 IsMainWorldOnly:0 FolderPath:Pillars FolderGuid:BB8AF4C246C38D173850E8B115A3DCFE
 |   |   |- [+] [ 29]
 |   |   |   |- Guid:89B8C0DC43DD020BE4F63C9D55325FA1 BaseClass: NativeClass:/Script/Engine.StaticMeshActor Name:StaticMeshActor_UAID_00155DAF9F8E9ABA01_1183166688 Label:Plane4 SpatiallyLoaded:1 Bounds:IsValid=true, Min=(X=-8878.249 Y=-5471.821 Z=5901.503), Max=(X=1121.751 Y=9528.179 Z=5901.503) RuntimeGrid:None EditorOnly:0 RuntimeOnly:0 HLODRelevant:1 ListedInSceneOutliner:1 IsMainWorldOnly:0
 |   |   |- [+] [ 30]
 |   |   |   |- Guid:967973B24ED0095A56A3D9A2B29C7E24 BaseClass: NativeClass:/Script/Engine.StaticMeshActor Name:StaticMeshActor_0 Label:SM_QuarterCylinder7 SpatiallyLoaded:1 Bounds:IsValid=true, Min=(X=1900.000 Y=900.000 Z=0.000), Max=(X=2000.000 Y=1000.000 Z=200.000) RuntimeGrid:None EditorOnly:0 RuntimeOnly:0 HLODRelevant:1 ListedInSceneOutliner:1 IsMainWorldOnly:0 FolderPath:Block01 FolderGuid:4C556963462B5D49496AD286A4690C47
 |   |   |- [+] [ 31]
 |   |   |   |- Guid:986E31504A93684799835A892EC5B0BC BaseClass:/Game/TopDown/Blueprints/BP_Camera.BP_Camera_C NativeClass:/Script/Engine.Pawn Name:BP_Camera_C_UAID_00155DAF9F8E98BA01_1483478330 Label:BP_Camera_Play SpatiallyLoaded:1 Bounds:IsValid=true, Min=(X=38.799 Y=-155.404 Z=-156.039), Max=(X=138.799 Y=-55.404 Z=-56.039) RuntimeGrid:None EditorOnly:0 RuntimeOnly:0 HLODRelevant:0 ListedInSceneOutliner:1 IsMainWorldOnly:0
 |   |   |- [+] [ 32]
 |   |   |   |- Guid:9F5C85AD4CCA70385561559C9C8DBB03 BaseClass: NativeClass:/Script/Engine.StaticMeshActor Name:StaticMeshActor_24 Label:SM_Cube7 SpatiallyLoaded:1 Bounds:IsValid=true, Min=(X=2400.000 Y=500.000 Z=0.000), Max=(X=2500.000 Y=900.000 Z=200.000) RuntimeGrid:None EditorOnly:0 RuntimeOnly:0 HLODRelevant:1 ListedInSceneOutliner:1 IsMainWorldOnly:0 FolderPath:Block01 FolderGuid:4C556963462B5D49496AD286A4690C47
 |   |   |- [+] [ 33]
 |   |   |   |- Guid:AA2ADA5D4C494B0F71E41CBE1560FCE2 BaseClass: NativeClass:/Script/Engine.StaticMeshActor Name:StaticMeshActor_UAID_00155DAF9F8E9ABA01_1175253687 Label:Plane3 SpatiallyLoaded:1 Bounds:IsValid=true, Min=(X=5650.000 Y=-5471.821 Z=5901.503), Max=(X=15650.000 Y=9528.179 Z=5901.503) RuntimeGrid:None EditorOnly:0 RuntimeOnly:0 HLODRelevant:1 ListedInSceneOutliner:1 IsMainWorldOnly:0
 |   |   |- [+] [ 34]
 |   |   |   |- Guid:AD8D621045E8BD19978AA3B098808D36 BaseClass: NativeClass:/Script/Engine.StaticMeshActor Name:StaticMeshActor_59 Label:SM_ChamferCube4 SpatiallyLoaded:1 Bounds:IsValid=true, Min=(X=663.409 Y=2784.238 Z=0.063), Max=(X=804.292 Y=2925.121 Z=100.063) RuntimeGrid:None EditorOnly:0 RuntimeOnly:0 HLODRelevant:0 ListedInSceneOutliner:1 IsMainWorldOnly:0
 |   |   |- [+] [ 35]
 |   |   |   |- Guid:AE4BDE57491C67C1E7AFD4A09A9CADC1 BaseClass: NativeClass:/Script/Engine.StaticMeshActor Name:StaticMeshActor_66 Label:SM_Cylinder15 SpatiallyLoaded:1 Bounds:IsValid=true, Min=(X=2550.000 Y=2950.000 Z=0.000), Max=(X=2650.000 Y=3050.000 Z=300.000) RuntimeGrid:None EditorOnly:0 RuntimeOnly:0 HLODRelevant:1 ListedInSceneOutliner:1 IsMainWorldOnly:0 FolderPath:Pillars FolderGuid:BB8AF4C246C38D173850E8B115A3DCFE
 |   |   |- [+] [ 36]
 |   |   |   |- Guid:AE92EF614644F3E97ECD6E8F3B7E4798 BaseClass: NativeClass:/Script/Engine.StaticMeshActor Name:StaticMeshActor_65 Label:SM_ChamferCube5 SpatiallyLoaded:1 Bounds:IsValid=true, Min=(X=2419.765 Y=1390.593 Z=0.063), Max=(X=2547.936 Y=1518.765 Z=100.063) RuntimeGrid:None EditorOnly:0 RuntimeOnly:0 HLODRelevant:0 ListedInSceneOutliner:1 IsMainWorldOnly:0
 |   |   |- [+] [ 37]
 |   |   |   |- Guid:AECEEEE741E6DE68F6843FA49564A956 BaseClass: NativeClass:/Script/Engine.DirectionalLight Name:DirectionalLight_1 Label:DirectionalLight SpatiallyLoaded:0 Bounds:IsValid=true, Min=(X=-1048576.000 Y=-1048576.000 Z=-1048576.000), Max=(X=1048576.000 Y=1048576.000 Z=1048576.000) RuntimeGrid:None EditorOnly:0 RuntimeOnly:0 HLODRelevant:0 ListedInSceneOutliner:1 IsMainWorldOnly:0 FolderPath:Lighting FolderGuid:4C9334684BA61B42C769F799D2576455
 |   |   |- [+] [ 38]
 |   |   |   |- Guid:B38A108844DF3511FF5F5CB81AB810FF BaseClass:/Game/Cityscape/BP_NewYork.BP_NewYork_C NativeClass:/Script/Engine.Actor Name:BP_NewYork_C_UAID_906584AC18C689F001_1817173716 Label:BP_NewYork2 SpatiallyLoaded:1 Bounds:IsValid=true, Min=(X=-1940.568 Y=-2191.481 Z=-158.436), Max=(X=-379.671 Y=-528.834 Z=8.579) RuntimeGrid:None EditorOnly:0 RuntimeOnly:0 HLODRelevant:0 ListedInSceneOutliner:1 IsMainWorldOnly:0
 |   |   |- [+] [ 39]
 |   |   |   |- Guid:BDEC3B934D0E82F20D2B1EB0EC03EE05 BaseClass:/Game/TopDown/Blueprints/BP_Camera.BP_Camera_C NativeClass:/Script/Engine.Pawn Name:BP_Camera_C_UAID_00155DAF9F8E98BA01_1542860331 Label:BP_Camera_MapGen SpatiallyLoaded:1 Bounds:IsValid=true, Min=(X=3229.289 Y=2450.000 Z=7929.289), Max=(X=3370.711 Y=2550.000 Z=8070.711) RuntimeGrid:None EditorOnly:0 RuntimeOnly:0 HLODRelevant:0 ListedInSceneOutliner:1 IsMainWorldOnly:0
 |   |   |- [+] [ 40]
 |   |   |   |- Guid:C81786A4417C98DC3952D7BB9D023436 BaseClass: NativeClass:/Script/Engine.StaticMeshActor Name:StaticMeshActor_25 Label:SM_Cube9 SpatiallyLoaded:1 Bounds:IsValid=true, Min=(X=1400.000 Y=400.000 Z=0.000), Max=(X=2400.000 Y=600.000 Z=100.000) RuntimeGrid:None EditorOnly:0 RuntimeOnly:0 HLODRelevant:1 ListedInSceneOutliner:1 IsMainWorldOnly:0 FolderPath:Block01 FolderGuid:4C556963462B5D49496AD286A4690C47
 |   |   |- [+] [ 41]
 |   |   |   |- Guid:CCDD89584E0A9025F52AEDA51D60CA54 BaseClass: NativeClass:/Script/NavigationSystem.NavMeshBoundsVolume Name:NavMeshBoundsVolume_1 Label:NavMeshBoundsVolume SpatiallyLoaded:0 Bounds:IsValid=true, Min=(X=-100.000 Y=-100.000 Z=-110.000), Max=(X=3100.000 Y=3600.000 Z=390.000) RuntimeGrid:None EditorOnly:0 RuntimeOnly:0 HLODRelevant:0 ListedInSceneOutliner:1 IsMainWorldOnly:0 FolderPath:Navigation FolderGuid:AE45D61F453CC144CF8289862C276E89
 |   |   |- [+] [ 42]
 |   |   |   |- Guid:CF80F3F54843D87445FF46BC595650BA BaseClass: NativeClass:/Script/Niagara.NiagaraActor Name:NiagaraActor_UAID_906584AC18C688F001_2131142539 Label:NS_DUST SpatiallyLoaded:1 Bounds:IsValid=true, Min=(X=-1056.982 Y=1227.285 Z=483.791), Max=(X=-1054.982 Y=1229.285 Z=485.791) RuntimeGrid:None EditorOnly:0 RuntimeOnly:0 HLODRelevant:0 ListedInSceneOutliner:1 IsMainWorldOnly:0
 |   |   |- [+] [ 43]
 |   |   |   |- Guid:CF90D5044AFDFFB9BFAD4BB1D0744D8D BaseClass:/Game/Cityscape/BP_NewYork.BP_NewYork_C NativeClass:/Script/Engine.Actor Name:BP_NewYork_C_UAID_906584AC18C689F001_1837518721 Label:BP_NewYork7 SpatiallyLoaded:1 Bounds:IsValid=true, Min=(X=1181.337 Y=-548.876 Z=-158.436), Max=(X=2742.234 Y=1113.771 Z=8.579) RuntimeGrid:None EditorOnly:0 RuntimeOnly:0 HLODRelevant:0 ListedInSceneOutliner:1 IsMainWorldOnly:0
 |   |   |- [+] [ 44]
 |   |   |   |- Guid:D24D61B944EF71BE7BC469B7EB239299 BaseClass: NativeClass:/Script/Engine.ExponentialHeightFog Name:ExponentialHeightFog_1 Label:ExponentialHeightFog SpatiallyLoaded:0 Bounds:IsValid=true, Min=(X=-5600.000 Y=-50.000 Z=-6850.000), Max=(X=-5600.000 Y=-50.000 Z=-6850.000) RuntimeGrid:None EditorOnly:0 RuntimeOnly:0 HLODRelevant:0 ListedInSceneOutliner:1 IsMainWorldOnly:0 FolderPath:Lighting FolderGuid:4C9334684BA61B42C769F799D2576455
 |   |   |- [+] [ 45]
 |   |   |   |- Guid:D3B17C8E4BDF6B6423A047B50448A521 BaseClass: NativeClass:/Script/Engine.StaticMeshActor Name:StaticMeshActor_38 Label:SM_Cylinder8 SpatiallyLoaded:1 Bounds:IsValid=true, Min=(X=2250.000 Y=1950.000 Z=0.000), Max=(X=2350.000 Y=2050.000 Z=300.000) RuntimeGrid:None EditorOnly:0 RuntimeOnly:0 HLODRelevant:1 ListedInSceneOutliner:1 IsMainWorldOnly:0 FolderPath:Pillars FolderGuid:BB8AF4C246C38D173850E8B115A3DCFE
 |   |   |- [+] [ 46]
 |   |   |   |- Guid:D59F2DEE4227548CFA939EAA6B6C3948 BaseClass: NativeClass:/Script/Engine.StaticMeshActor Name:StaticMeshActor_39 Label:SM_Cylinder9 SpatiallyLoaded:1 Bounds:IsValid=true, Min=(X=2450.000 Y=2350.000 Z=0.000), Max=(X=2550.000 Y=2450.000 Z=300.000) RuntimeGrid:None EditorOnly:0 RuntimeOnly:0 HLODRelevant:1 ListedInSceneOutliner:1 IsMainWorldOnly:0 FolderPath:Pillars FolderGuid:BB8AF4C246C38D173850E8B115A3DCFE
 |   |   |- [+] [ 47]
 |   |   |   |- Guid:E13C3DEE4C2A85CE5335BBAA11BF5B5B BaseClass:/Game/Buildings/BP_TrainStation.BP_TrainStation_C NativeClass:/Script/Engine.Actor Name:BP_TrainStation_C_UAID_00155D7729389EB201_1372862935 Label:BP_TrainStation SpatiallyLoaded:1 Bounds:IsValid=true, Min=(X=-323.600 Y=-340.384 Z=-118.694), Max=(X=323.600 Y=340.384 Z=48.178) RuntimeGrid:None EditorOnly:0 RuntimeOnly:0 HLODRelevant:0 ListedInSceneOutliner:1 IsMainWorldOnly:0
 |   |   |- [+] [ 48]
 |   |   |   |- Guid:E3A254A24FEC950D1869E484CB762659 BaseClass: NativeClass:/Script/Engine.StaticMeshActor Name:StaticMeshActor_37 Label:SM_Cylinder7 SpatiallyLoaded:1 Bounds:IsValid=true, Min=(X=1650.000 Y=1950.000 Z=0.000), Max=(X=1750.000 Y=2050.000 Z=300.000) RuntimeGrid:None EditorOnly:0 RuntimeOnly:0 HLODRelevant:1 ListedInSceneOutliner:1 IsMainWorldOnly:0 FolderPath:Pillars FolderGuid:BB8AF4C246C38D173850E8B115A3DCFE
 |   |   |- [+] [ 49]
 |   |   |   |- Guid:E9A7CC6F4BA1231ED60208AB9C648293 BaseClass: NativeClass:/Script/Engine.StaticMeshActor Name:StaticMeshActor_44 Label:SM_ChamferCube3 SpatiallyLoaded:1 Bounds:IsValid=true, Min=(X=711.512 Y=2824.945 Z=100.063), Max=(X=848.115 Y=2961.548 Z=200.063) RuntimeGrid:None EditorOnly:0 RuntimeOnly:0 HLODRelevant:0 ListedInSceneOutliner:1 IsMainWorldOnly:0
 |   |   |- [+] [ 50]
 |   |   |   |- Guid:E9F51259425B785A35C436A5559AD7B4 BaseClass: NativeClass:/Script/Engine.StaticMeshActor Name:StaticMeshActor_19 Label:SM_Cube3 SpatiallyLoaded:1 Bounds:IsValid=true, Min=(X=0.000 Y=3400.000 Z=0.000), Max=(X=3000.000 Y=3500.000 Z=400.000) RuntimeGrid:None EditorOnly:0 RuntimeOnly:0 HLODRelevant:1 ListedInSceneOutliner:1 IsMainWorldOnly:0 FolderPath:Playground FolderGuid:9FE5E8B349AF71F05F2688921F3F2AC5
 |   |   |- [+] [ 51]
 |   |   |   |- Guid:EBDD3DE7460B99163A5FD58EFC8EA671 BaseClass: NativeClass:/Script/Engine.StaticMeshActor Name:StaticMeshActor_29 Label:SM_QuarterCylinder6 SpatiallyLoaded:1 Bounds:IsValid=true, Min=(X=2400.000 Y=900.000 Z=0.000), Max=(X=2500.000 Y=1000.000 Z=200.000) RuntimeGrid:None EditorOnly:0 RuntimeOnly:0 HLODRelevant:1 ListedInSceneOutliner:1 IsMainWorldOnly:0 FolderPath:Block01 FolderGuid:4C556963462B5D49496AD286A4690C47
 |   |   |- [+] [ 52]
 |   |   |   |- Guid:ED702DEB4F4A6D94A5DB4F9C337C2079 BaseClass: NativeClass:/Script/Engine.TextRenderActor Name:TextRenderActor_0 Label:TextRenderActor SpatiallyLoaded:1 Bounds:IsValid=true, Min=(X=-0.100 Y=1100.000 Z=65.013), Max=(X=-0.100 Y=2225.000 Z=215.013) RuntimeGrid:None EditorOnly:0 RuntimeOnly:0 HLODRelevant:0 ListedInSceneOutliner:1 IsMainWorldOnly:0
 |   |   |- [+] [ 53]
 |   |   |   |- Guid:F07559B14CE9ADE1215992AA417A945E BaseClass: NativeClass:/Script/Engine.StaticMeshActor Name:StaticMeshActor_18 Label:SM_Cube2 SpatiallyLoaded:1 Bounds:IsValid=true, Min=(X=0.000 Y=0.000 Z=0.000), Max=(X=3000.000 Y=100.000 Z=400.000) RuntimeGrid:None EditorOnly:0 RuntimeOnly:0 HLODRelevant:1 ListedInSceneOutliner:1 IsMainWorldOnly:0 FolderPath:Playground FolderGuid:9FE5E8B349AF71F05F2688921F3F2AC5
 |   |   |- [+] [ 54]
 |   |   |   |- Guid:F33CC5014C49925B3A9D52A063AF483F BaseClass: NativeClass:/Script/Engine.PlayerStart Name:PlayerStart_0 Label:PlayerStart SpatiallyLoaded:0 Bounds:IsValid=true, Min=(X=960.000 Y=1770.000 Z=0.013), Max=(X=1040.000 Y=1850.000 Z=184.013) RuntimeGrid:None EditorOnly:0 RuntimeOnly:0 HLODRelevant:0 ListedInSceneOutliner:1 IsMainWorldOnly:0
 |   |   |- [+] [ 55]
 |   |   |   |- Guid:F631A1FD49D9396A89472DB2E28EB965 BaseClass: NativeClass:/Script/Engine.StaticMeshActor Name:StaticMeshActor_26 Label:SM_Ramp3 SpatiallyLoaded:1 Bounds:IsValid=true, Min=(X=1600.000 Y=400.000 Z=100.000), Max=(X=1900.000 Y=600.000 Z=200.000) RuntimeGrid:None EditorOnly:0 RuntimeOnly:0 HLODRelevant:1 ListedInSceneOutliner:1 IsMainWorldOnly:0 FolderPath:Block01 FolderGuid:4C556963462B5D49496AD286A4690C47
 |   |   |- [+] [ 56]
 |   |   |   |- Guid:FA53012A44557D60E21D1B8B9D0C5141 BaseClass: NativeClass:/Script/Engine.StaticMeshActor Name:StaticMeshActor_27 Label:SM_Cube10 SpatiallyLoaded:1 Bounds:IsValid=true, Min=(X=1900.000 Y=400.000 Z=100.000), Max=(X=2400.000 Y=600.000 Z=200.000) RuntimeGrid:None EditorOnly:0 RuntimeOnly:0 HLODRelevant:1 ListedInSceneOutliner:1 IsMainWorldOnly:0 FolderPath:Block01 FolderGuid:4C556963462B5D49496AD286A4690C47
 |- ContainerInstances:
 |- [+] MainContainer:
 |   |-        ID: 00000000000000000000000000000000
 |   |-  ParentID: 00000000000000000000000000000000
 |   |-    Bounds: IsValid=false, Min=(X=0.000 Y=0.000 Z=0.000), Max=(X=0.000 Y=0.000 Z=0.000)
 |   |- Transform: 0.000000,0.000000,0.000000|0.000000,0.000000,-0.000000|1.000000,1.000000,1.000000
 |   |- Container: /Game/TopDown/Maps/TopDownMap
----------------------------------------------------------------------------------------------------------------
TopDownMap - Persistent Level
----------------------------------------------------------------------------------------------------------------
[+] Content of TopDownMap Persistent Level
 |- Always loaded Actor Count: 57 
 |- Actor Path: /Game/TopDown/Maps/TopDownMap.TopDownMap:PersistentLevel.BP_Camera_C_UAID_00155DAF9F8E98BA01_1483478330
 |- Actor Package: /Game/__ExternalActors__/TopDown/Maps/TopDownMap/9/B5/FCEA8MZKD1VE9K01CEGTVI
 |- Actor Path: /Game/TopDown/Maps/TopDownMap.TopDownMap:PersistentLevel.BP_Camera_C_UAID_00155DAF9F8E98BA01_1542860331
 |- Actor Package: /Game/__ExternalActors__/TopDown/Maps/TopDownMap/8/02/SXOJOMTDKB1FQ865BO8Q3N
 |- Actor Path: /Game/TopDown/Maps/TopDownMap.TopDownMap:PersistentLevel.BP_NewYork2_C_UAID_906584AC18C68EF001_1246338591
 |- Actor Package: /Game/__ExternalActors__/TopDown/Maps/TopDownMap/C/8H/SCPEXDOR6NHJH3E0WWH5JC
 |- Actor Path: /Game/TopDown/Maps/TopDownMap.TopDownMap:PersistentLevel.BP_NewYork_C_UAID_906584AC18C687F001_1141109360
 |- Actor Package: /Game/__ExternalActors__/TopDown/Maps/TopDownMap/2/7Z/NE7MRE37UYINZRV7SD8VJR
 |- Actor Path: /Game/TopDown/Maps/TopDownMap.TopDownMap:PersistentLevel.BP_NewYork_C_UAID_906584AC18C689F001_1817173716
 |- Actor Package: /Game/__ExternalActors__/TopDown/Maps/TopDownMap/E/0H/HR5XFPKCKM6UPYM5GJXRVV
 |- Actor Path: /Game/TopDown/Maps/TopDownMap.TopDownMap:PersistentLevel.BP_NewYork_C_UAID_906584AC18C689F001_1823663717
 |- Actor Package: /Game/__ExternalActors__/TopDown/Maps/TopDownMap/0/1Q/29FFD809LHPFYQ71DXLVCN
 |- Actor Path: /Game/TopDown/Maps/TopDownMap.TopDownMap:PersistentLevel.BP_NewYork_C_UAID_906584AC18C689F001_1827172718
 |- Actor Package: /Game/__ExternalActors__/TopDown/Maps/TopDownMap/A/AE/PU8WJ5ZAZYDEG53EVQH6QR
 |- Actor Path: /Game/TopDown/Maps/TopDownMap.TopDownMap:PersistentLevel.BP_NewYork_C_UAID_906584AC18C689F001_1831941719
 |- Actor Package: /Game/__ExternalActors__/TopDown/Maps/TopDownMap/2/22/BNVGY5IWUAF7QLW3KU5PBJ
 |- Actor Path: /Game/TopDown/Maps/TopDownMap.TopDownMap:PersistentLevel.BP_NewYork_C_UAID_906584AC18C689F001_1835008720
 |- Actor Package: /Game/__ExternalActors__/TopDown/Maps/TopDownMap/1/Z9/KDMVC2R0Y0TPFEVBP6785J
 |- Actor Path: /Game/TopDown/Maps/TopDownMap.TopDownMap:PersistentLevel.BP_NewYork_C_UAID_906584AC18C689F001_1837518721
 |- Actor Package: /Game/__ExternalActors__/TopDown/Maps/TopDownMap/E/J3/X7FEDO19XVNYO0SCB3MYSA
 |- Actor Path: /Game/TopDown/Maps/TopDownMap.TopDownMap:PersistentLevel.BP_NewYork_C_UAID_906584AC18C689F001_1842113722
 |- Actor Package: /Game/__ExternalActors__/TopDown/Maps/TopDownMap/A/74/7UYZJDJWLZ6ZRG2S1EDZZM
 |- Actor Path: /Game/TopDown/Maps/TopDownMap.TopDownMap:PersistentLevel.BP_TrainStation_C_UAID_00155D7729389EB201_1372862935
 |- Actor Package: /Game/__ExternalActors__/TopDown/Maps/TopDownMap/3/YG/GWP74A1T90QH03XMQB9ICN
 |- Actor Path: /Game/TopDown/Maps/TopDownMap.TopDownMap:PersistentLevel.DirectionalLight_1
 |- Actor Package: /Game/__ExternalActors__/TopDown/Maps/TopDownMap/A/LM/VRK8UAZR3J2TAKS74SHCUD
 |- Actor Path: /Game/TopDown/Maps/TopDownMap.TopDownMap:PersistentLevel.ExponentialHeightFog_1
 |- Actor Package: /Game/__ExternalActors__/TopDown/Maps/TopDownMap/6/BO/BYV4KSLUROOOL33DU1XUWQ
 |- Actor Path: /Game/TopDown/Maps/TopDownMap.TopDownMap:PersistentLevel.NavLinkProxy_3
 |- Actor Package: /Game/__ExternalActors__/TopDown/Maps/TopDownMap/5/UT/JRUWL9PVCAH3XSUMXP4CC1
 |- Actor Path: /Game/TopDown/Maps/TopDownMap.TopDownMap:PersistentLevel.NavMeshBoundsVolume_1
 |- Actor Package: /Game/__ExternalActors__/TopDown/Maps/TopDownMap/0/QS/8AKCSH4RXXQHHQMCR8GO6C
 |- Actor Path: /Game/TopDown/Maps/TopDownMap.TopDownMap:PersistentLevel.NiagaraActor_UAID_906584AC18C688F001_2131142539
 |- Actor Package: /Game/__ExternalActors__/TopDown/Maps/TopDownMap/5/YS/MRGAGTASCVALYZT69A6TI8
 |- Actor Path: /Game/TopDown/Maps/TopDownMap.TopDownMap:PersistentLevel.PlayerStart_0
 |- Actor Package: /Game/__ExternalActors__/TopDown/Maps/TopDownMap/6/OI/H4CYGWRMJ49ZI6AS2GNGQY
 |- Actor Path: /Game/TopDown/Maps/TopDownMap.TopDownMap:PersistentLevel.PostProcessVolume_1
 |- Actor Package: /Game/__ExternalActors__/TopDown/Maps/TopDownMap/6/VI/ESHAVRHFZFA2JDR9ZAQIOE
 |- Actor Path: /Game/TopDown/Maps/TopDownMap.TopDownMap:PersistentLevel.SkyAtmosphere_1
 |- Actor Package: /Game/__ExternalActors__/TopDown/Maps/TopDownMap/5/YN/TCNGOWDVRBFBJ5YZR7VI7S
 |- Actor Path: /Game/TopDown/Maps/TopDownMap.TopDownMap:PersistentLevel.SkyLight_1
 |- Actor Package: /Game/__ExternalActors__/TopDown/Maps/TopDownMap/E/LR/47NTFRDFK6M7265A1UYTOW
 |- Actor Path: /Game/TopDown/Maps/TopDownMap.TopDownMap:PersistentLevel.StaticMeshActor_0
 |- Actor Package: /Game/__ExternalActors__/TopDown/Maps/TopDownMap/4/KC/H7JQHYU4KG28SR2JBQIYN0
 |- Actor Path: /Game/TopDown/Maps/TopDownMap.TopDownMap:PersistentLevel.StaticMeshActor_1
 |- Actor Package: /Game/__ExternalActors__/TopDown/Maps/TopDownMap/6/IH/VGSY15OFA48JW2MQVTVU8L
 |- Actor Path: /Game/TopDown/Maps/TopDownMap.TopDownMap:PersistentLevel.StaticMeshActor_17
 |- Actor Package: /Game/__ExternalActors__/TopDown/Maps/TopDownMap/3/RG/XOAZMB5QVL20UGXOCZ1LZK
 |- Actor Path: /Game/TopDown/Maps/TopDownMap.TopDownMap:PersistentLevel.StaticMeshActor_18
 |- Actor Package: /Game/__ExternalActors__/TopDown/Maps/TopDownMap/0/WM/EHOX3YPZ8BWS13D7E6IFN2
 |- Actor Path: /Game/TopDown/Maps/TopDownMap.TopDownMap:PersistentLevel.StaticMeshActor_19
 |- Actor Package: /Game/__ExternalActors__/TopDown/Maps/TopDownMap/B/72/PR1QS01SW5BWFPFZ9C79RF
 |- Actor Path: /Game/TopDown/Maps/TopDownMap.TopDownMap:PersistentLevel.StaticMeshActor_2
 |- Actor Package: /Game/__ExternalActors__/TopDown/Maps/TopDownMap/A/JS/24450VHCRABFZNLJT222WG
 |- Actor Path: /Game/TopDown/Maps/TopDownMap.TopDownMap:PersistentLevel.StaticMeshActor_20
 |- Actor Package: /Game/__ExternalActors__/TopDown/Maps/TopDownMap/6/OC/6QBECPUWZX0A7KBRQFRI0M
 |- Actor Path: /Game/TopDown/Maps/TopDownMap.TopDownMap:PersistentLevel.StaticMeshActor_21
 |- Actor Package: /Game/__ExternalActors__/TopDown/Maps/TopDownMap/0/78/FBR4X3QS2U1JDDOL41R95K
 |- Actor Path: /Game/TopDown/Maps/TopDownMap.TopDownMap:PersistentLevel.StaticMeshActor_22
 |- Actor Package: /Game/__ExternalActors__/TopDown/Maps/TopDownMap/7/43/KCOU8O5LTCF16FPA9RNLK8
 |- Actor Path: /Game/TopDown/Maps/TopDownMap.TopDownMap:PersistentLevel.StaticMeshActor_23
 |- Actor Package: /Game/__ExternalActors__/TopDown/Maps/TopDownMap/0/MB/J5WHCOZ4GU1YICRISB3DL6
 |- Actor Path: /Game/TopDown/Maps/TopDownMap.TopDownMap:PersistentLevel.StaticMeshActor_24
 |- Actor Package: /Game/__ExternalActors__/TopDown/Maps/TopDownMap/E/0I/PFMFMMAZFLT0NTV2ZAO8OA
 |- Actor Path: /Game/TopDown/Maps/TopDownMap.TopDownMap:PersistentLevel.StaticMeshActor_25
 |- Actor Package: /Game/__ExternalActors__/TopDown/Maps/TopDownMap/A/5K/NUNDGACQMY4LFPLTZJH6GW
 |- Actor Path: /Game/TopDown/Maps/TopDownMap.TopDownMap:PersistentLevel.StaticMeshActor_26
 |- Actor Package: /Game/__ExternalActors__/TopDown/Maps/TopDownMap/A/SY/Y8475SUVOZMH0COV8H1Q7T
 |- Actor Path: /Game/TopDown/Maps/TopDownMap.TopDownMap:PersistentLevel.StaticMeshActor_27
 |- Actor Package: /Game/__ExternalActors__/TopDown/Maps/TopDownMap/1/N6/CYTTPPQCP2OI3P1OI4WUFB
 |- Actor Path: /Game/TopDown/Maps/TopDownMap.TopDownMap:PersistentLevel.StaticMeshActor_28
 |- Actor Package: /Game/__ExternalActors__/TopDown/Maps/TopDownMap/9/FF/BLNOD0XLYQT896YMNZB2SL
 |- Actor Path: /Game/TopDown/Maps/TopDownMap.TopDownMap:PersistentLevel.StaticMeshActor_29
 |- Actor Package: /Game/__ExternalActors__/TopDown/Maps/TopDownMap/6/MJ/LYN3KFSLDFET0H4R4QA9WK
 |- Actor Path: /Game/TopDown/Maps/TopDownMap.TopDownMap:PersistentLevel.StaticMeshActor_3
 |- Actor Package: /Game/__ExternalActors__/TopDown/Maps/TopDownMap/0/FD/H6232UBBQPM7MPPYTG2MZ1
 |- Actor Path: /Game/TopDown/Maps/TopDownMap.TopDownMap:PersistentLevel.StaticMeshActor_34
 |- Actor Package: /Game/__ExternalActors__/TopDown/Maps/TopDownMap/7/WV/FF6LPDZ0FKKLS0GFFG7RY1
 |- Actor Path: /Game/TopDown/Maps/TopDownMap.TopDownMap:PersistentLevel.StaticMeshActor_35
 |- Actor Package: /Game/__ExternalActors__/TopDown/Maps/TopDownMap/B/AX/QD7MAQAIBJ16OYN5ZXXIUV
 |- Actor Path: /Game/TopDown/Maps/TopDownMap.TopDownMap:PersistentLevel.StaticMeshActor_37
 |- Actor Package: /Game/__ExternalActors__/TopDown/Maps/TopDownMap/2/PP/0FWE1XT4SIGHXZQ61E0BPN
 |- Actor Path: /Game/TopDown/Maps/TopDownMap.TopDownMap:PersistentLevel.StaticMeshActor_38
 |- Actor Package: /Game/__ExternalActors__/TopDown/Maps/TopDownMap/7/EJ/7JCMZ75LZ4IDNH7SV7SZBW
 |- Actor Path: /Game/TopDown/Maps/TopDownMap.TopDownMap:PersistentLevel.StaticMeshActor_39
 |- Actor Package: /Game/__ExternalActors__/TopDown/Maps/TopDownMap/5/LH/V6N3G2I7QT53NAD6H1AD04
 |- Actor Path: /Game/TopDown/Maps/TopDownMap.TopDownMap:PersistentLevel.StaticMeshActor_40
 |- Actor Package: /Game/__ExternalActors__/TopDown/Maps/TopDownMap/B/PL/MYXGV0RBWT3ZBX00KVP1IE
 |- Actor Path: /Game/TopDown/Maps/TopDownMap.TopDownMap:PersistentLevel.StaticMeshActor_42
 |- Actor Package: /Game/__ExternalActors__/TopDown/Maps/TopDownMap/3/16/IU32BEDS8KCRBPZIQZ3317
 |- Actor Path: /Game/TopDown/Maps/TopDownMap.TopDownMap:PersistentLevel.StaticMeshActor_44
 |- Actor Package: /Game/__ExternalActors__/TopDown/Maps/TopDownMap/8/R1/ENMI5ZSH5EMTVMF7P7JJ6A
 |- Actor Path: /Game/TopDown/Maps/TopDownMap.TopDownMap:PersistentLevel.StaticMeshActor_59
 |- Actor Package: /Game/__ExternalActors__/TopDown/Maps/TopDownMap/9/D3/60ORICH9SPD98P0GDB2WTP
 |- Actor Path: /Game/TopDown/Maps/TopDownMap.TopDownMap:PersistentLevel.StaticMeshActor_65
 |- Actor Package: /Game/__ExternalActors__/TopDown/Maps/TopDownMap/7/V9/FYE97PCQGKIRUDX9FB1QCI
 |- Actor Path: /Game/TopDown/Maps/TopDownMap.TopDownMap:PersistentLevel.StaticMeshActor_66
 |- Actor Package: /Game/__ExternalActors__/TopDown/Maps/TopDownMap/4/JM/X44XFRDRREXGEQX2XXU55Y
 |- Actor Path: /Game/TopDown/Maps/TopDownMap.TopDownMap:PersistentLevel.StaticMeshActor_UAID_00155DAF9F8E99BA01_1338651508
 |- Actor Package: /Game/__ExternalActors__/TopDown/Maps/TopDownMap/B/U6/1WCZCSM3SAYYZDW06Y7R1Y
 |- Actor Path: /Game/TopDown/Maps/TopDownMap.TopDownMap:PersistentLevel.StaticMeshActor_UAID_00155DAF9F8E99BA01_1442274509
 |- Actor Package: /Game/__ExternalActors__/TopDown/Maps/TopDownMap/C/3T/ZDF466IW1RVBWN32OQP6OM
 |- Actor Path: /Game/TopDown/Maps/TopDownMap.TopDownMap:PersistentLevel.StaticMeshActor_UAID_00155DAF9F8E9ABA01_1175253687
 |- Actor Package: /Game/__ExternalActors__/TopDown/Maps/TopDownMap/6/WH/WACQIFOMTQ7YJM0ZFM723A
 |- Actor Path: /Game/TopDown/Maps/TopDownMap.TopDownMap:PersistentLevel.StaticMeshActor_UAID_00155DAF9F8E9ABA01_1183166688
 |- Actor Package: /Game/__ExternalActors__/TopDown/Maps/TopDownMap/0/M1/U0TYLYAQP2QMRCABL72IL4
 |- Actor Path: /Game/TopDown/Maps/TopDownMap.TopDownMap:PersistentLevel.StaticMeshActor_UAID_A4AE111137DC5CFB00_1660657071
 |- Actor Package: /Game/__ExternalActors__/TopDown/Maps/TopDownMap/C/MV/UE2U7GTDT7WM2AVP83861S
 |- Actor Path: /Game/TopDown/Maps/TopDownMap.TopDownMap:PersistentLevel.TextRenderActor_0
 |- Actor Package: /Game/__ExternalActors__/TopDown/Maps/TopDownMap/9/FY/45JOQ38QR4K2P62IGCH99F
 |- Actor Path: /Game/TopDown/Maps/TopDownMap.TopDownMap:PersistentLevel.VolumetricCloud_0
 |- Actor Package: /Game/__ExternalActors__/TopDown/Maps/TopDownMap/6/GY/HOVAYB977GD5L9YGZ5S1T6
 |- Actor Path: /Game/TopDown/Maps/TopDownMap.TopDownMap:PersistentLevel.WorldDataLayers
 |- Actor Package: /Game/__ExternalActors__/TopDown/Maps/TopDownMap/A/RN/FHX05LPSBNMAJG3SW97PS7

----------------------------------------------------------------------------------------------------------------
TopDownMap - Runtime Spatial Hash
----------------------------------------------------------------------------------------------------------------
[+] StreamingGrids
 |- [+] MainGrid
 |   |-             Origin: X=0.000 Y=0.000 Z=0.000
 |   |-          Cell Size: 12800
 |   |-       World Bounds: IsValid=false, Min=(X=0.000 Y=0.000 Z=0.000), Max=(X=0.000 Y=0.000 Z=0.000)
 |   |-      Loading Range: 25600.00
 |   |- Block Slow Loading: No
 |   |-  ClientOnlyVisible: No
 |   |- 
 |   |- [+] Grid Levels: 1
 |   |   |- Level  0: Cell Count    0 | Cell Size   12800 | Actor Count    0 (0.0%)
 |   |- 
 |   |- [+] Content of Grid Level 0
 |   |- 
